<?xml version="1.0" encoding="UTF-8"?>
<!-- Generated by org.testng.reporters.JUnitXMLReporter -->
<testsuite ignored="0" hostname="GAURAV-DESKTOP" failures="1" tests="1" name="Surefire test" time="0.228" errors="0" timestamp="2026-02-18T18:01:50 IST">
  <testcase classname="tests.LoginTest" name="loginTest" time="0.0">
    <failure type="org.testng.TestNGException" message="
Data Provider public java.lang.Object[][] tests.LoginTest.getData() returned a null value">
      <![CDATA[org.testng.TestNGException: 
Data Provider public java.lang.Object[][] tests.LoginTest.getData() returned a null value
at java.base/java.util.ArrayList.forEach(ArrayList.java:1511)
... Removed 29 stack frames]]>
    </failure>
  </testcase> <!-- loginTest -->
</testsuite> <!-- Surefire test -->
